GROUP,PACKAGE,CLASS,INSTRUCTION_MISSED,INSTRUCTION_COVERED,BRANCH_MISSED,BRANCH_COVERED,LINE_MISSED,LINE_COVERED,COMPLEXITY_MISSED,COMPLEXITY_COVERED,METHOD_MISSED,METHOD_COVERED
LodeLMmvn,activities,Client,849,60,86,8,228,15,49,5,4,3
LodeLMmvn,activities,ClientHandler,1423,0,116,0,305,0,69,0,11,0
LodeLMmvn,activities,Server,167,312,3,13,54,75,6,15,4,9
LodeLMmvn,utils,EncryptedCom,153,0,0,0,41,0,8,0,8,0
LodeLMmvn,utils,FileHandler,825,40,88,0,204,7,60,1,16,1
LodeLMmvn,utils,MACUtils,57,0,0,0,18,0,4,0,4,0
LodeLMmvn,utils,SimpleMailSender,30,42,0,2,13,10,2,4,2,3
LodeLMmvn,utils,FileEncryption,30,152,0,0,9,39,2,8,2,8
LodeLMmvn,com.security,App,7,0,0,0,3,0,2,0,2,0
