GROUP,PACKAGE,CLASS,INSTRUCTION_MISSED,INSTRUCTION_COVERED,BRANCH_MISSED,BRANCH_COVERED,LINE_MISSED,LINE_COVERED,COMPLEXITY_MISSED,COMPLEXITY_COVERED,METHOD_MISSED,METHOD_COVERED
LodeLMmvn,activities,Client,759,160,71,23,208,33,40,14,2,5
LodeLMmvn,activities,ClientHandler,967,386,98,14,212,74,55,11,3,7
LodeLMmvn,activities,Server,185,294,4,12,55,74,6,15,3,10
LodeLMmvn,utils,EncryptedCom,26,119,0,0,8,32,2,5,2,5
LodeLMmvn,utils,FileHandler,588,278,71,17,154,59,49,12,10,7
LodeLMmvn,utils,MACUtils,13,44,0,0,7,11,1,3,1,3
LodeLMmvn,utils,SimpleMailSender,30,42,0,2,13,10,2,4,2,3
LodeLMmvn,utils,FileEncryption,0,182,0,0,0,48,0,10,0,10
LodeLMmvn,com.security,App,7,0,0,0,3,0,2,0,2,0
